# JRE version: OpenJDK Runtime Environment (21.0.3) (build 21.0.3+-12282718-b509.11)
# Java VM: OpenJDK 64-Bit Server VM (21.0.3+-12282718-b509.11, mixed mode, tiered, compressed oops, compressed class ptrs, g1 gc, windows-amd64)
GC Precious Log:
 CardTable entry size: 512
 Card Set container configuration: InlinePtr #cards 5 size 8 Array Of Cards #cards 12 size 40 Howl #buckets 4 coarsen threshold 1843 Howl Bitmap #cards 512 size 80 coarsen threshold 460 Card regions per heap region 1 cards per card region 2048
 CPUs: 8 total, 8 available
 Memory: 16106M
 Large Page Support: Disabled
 NUMA Support: Disabled
 Compressed Oops: Enabled (32-bit)
 Heap Region Size: 1M
 Heap Min Capacity: 8M
 Heap Initial Capacity: 252M
 Heap Max Capacity: 2G
 Pre-touch: Disabled
 Parallel Workers: 8
 Concurrent Workers: 2
 Concurrent Refinement Workers: 8
 Periodic GC: Disabled
Heap:
 garbage-first heap   total 205824K, used 172592K [0x0000000080000000, 0x0000000100000000)
  region size 1024K, 64 young (65536K), 7 survivors (7168K)
 Metaspace       used 117363K, committed 119488K, reserved 1179648K
  class space    used 15955K, committed 17024K, reserved 1048576K
GC Heap History (20 events):
Event: 10.312 GC heap before
{Heap before GC invocations=27 (full 0):
 garbage-first heap   total 155648K, used 141940K [0x0000000080000000, 0x0000000100000000)
  region size 1024K, 62 young (63488K), 3 survivors (3072K)
 Metaspace       used 90108K, committed 91968K, reserved 1179648K
  class space    used 12170K, committed 13120K, reserved 1048576K
}
Event: 10.317 GC heap after
{Heap after GC invocations=28 (full 0):
 garbage-first heap   total 155648K, used 85959K [0x0000000080000000, 0x0000000100000000)
  region size 1024K, 8 young (8192K), 8 survivors (8192K)
 Metaspace       used 90108K, committed 91968K, reserved 1179648K
  class space    used 12170K, committed 13120K, reserved 1048576K
}
Event: 10.807 GC heap before
{Heap before GC invocations=28 (full 0):
 garbage-first heap   total 155648K, used 138183K [0x0000000080000000, 0x0000000100000000)
  region size 1024K, 58 young (59392K), 8 survivors (8192K)
 Metaspace       used 94240K, committed 96192K, reserved 1179648K
  class space    used 12715K, committed 13696K, reserved 1048576K
}
Event: 10.813 GC heap after
{Heap after GC invocations=29 (full 0):
 garbage-first heap   total 155648K, used 87829K [0x0000000080000000, 0x0000000100000000)
  region size 1024K, 4 young (4096K), 4 survivors (4096K)
 Metaspace       used 94240K, committed 96192K, reserved 1179648K
  class space    used 12715K, committed 13696K, reserved 1048576K
}
Event: 11.429 GC heap before
{Heap before GC invocations=29 (full 0):
 garbage-first heap   total 155648K, used 141077K [0x0000000080000000, 0x0000000100000000)
  region size 1024K, 56 young (57344K), 4 survivors (4096K)
 Metaspace       used 98532K, committed 100480K, reserved 1179648K
  class space    used 13474K, committed 14464K, reserved 1048576K
}
Event: 11.433 GC heap after
{Heap after GC invocations=30 (full 0):
 garbage-first heap   total 155648K, used 88614K [0x0000000080000000, 0x0000000100000000)
  region size 1024K, 4 young (4096K), 4 survivors (4096K)
 Metaspace       used 98532K, committed 100480K, reserved 1179648K
  class space    used 13474K, committed 14464K, reserved 1048576K
}
Event: 11.996 GC heap before
{Heap before GC invocations=31 (full 0):
 garbage-first heap   total 155648K, used 141862K [0x0000000080000000, 0x0000000100000000)
  region size 1024K, 56 young (57344K), 4 survivors (4096K)
 Metaspace       used 102258K, committed 104256K, reserved 1179648K
  class space    used 14046K, committed 15040K, reserved 1048576K
}
Event: 12.001 GC heap after
{Heap after GC invocations=32 (full 0):
 garbage-first heap   total 155648K, used 91607K [0x0000000080000000, 0x0000000100000000)
  region size 1024K, 5 young (5120K), 5 survivors (5120K)
 Metaspace       used 102258K, committed 104256K, reserved 1179648K
  class space    used 14046K, committed 15040K, reserved 1048576K
}
Event: 12.508 GC heap before
{Heap before GC invocations=32 (full 0):
 garbage-first heap   total 155648K, used 140759K [0x0000000080000000, 0x0000000100000000)
  region size 1024K, 53 young (54272K), 5 survivors (5120K)
 Metaspace       used 106031K, committed 108096K, reserved 1179648K
  class space    used 14625K, committed 15680K, reserved 1048576K
}
Event: 12.514 GC heap after
{Heap after GC invocations=33 (full 0):
 garbage-first heap   total 155648K, used 92887K [0x0000000080000000, 0x0000000100000000)
  region size 1024K, 6 young (6144K), 6 survivors (6144K)
 Metaspace       used 106031K, committed 108096K, reserved 1179648K
  class space    used 14625K, committed 15680K, reserved 1048576K
}
Event: 12.954 GC heap before
{Heap before GC invocations=33 (full 0):
 garbage-first heap   total 155648K, used 138967K [0x0000000080000000, 0x0000000100000000)
  region size 1024K, 51 young (52224K), 6 survivors (6144K)
 Metaspace       used 109687K, committed 111744K, reserved 1179648K
  class space    used 15088K, committed 16128K, reserved 1048576K
}
Event: 12.961 GC heap after
{Heap after GC invocations=34 (full 0):
 garbage-first heap   total 155648K, used 96312K [0x0000000080000000, 0x0000000100000000)
  region size 1024K, 6 young (6144K), 6 survivors (6144K)
 Metaspace       used 109687K, committed 111744K, reserved 1179648K
  class space    used 15088K, committed 16128K, reserved 1048576K
}
Event: 13.461 GC heap before
{Heap before GC invocations=35 (full 0):
 garbage-first heap   total 171008K, used 143416K [0x0000000080000000, 0x0000000100000000)
  region size 1024K, 48 young (49152K), 6 survivors (6144K)
 Metaspace       used 113939K, committed 116096K, reserved 1179648K
  class space    used 15556K, committed 16640K, reserved 1048576K
}
Event: 13.468 GC heap after
{Heap after GC invocations=36 (full 0):
 garbage-first heap   total 171008K, used 102041K [0x0000000080000000, 0x0000000100000000)
  region size 1024K, 6 young (6144K), 6 survivors (6144K)
 Metaspace       used 113939K, committed 116096K, reserved 1179648K
  class space    used 15556K, committed 16640K, reserved 1048576K
}
Event: 13.938 GC heap before
{Heap before GC invocations=36 (full 0):
 garbage-first heap   total 171008K, used 155289K [0x0000000080000000, 0x0000000100000000)
  region size 1024K, 58 young (59392K), 6 survivors (6144K)
 Metaspace       used 114472K, committed 116544K, reserved 1179648K
  class space    used 15581K, committed 16640K, reserved 1048576K
}
Event: 13.946 GC heap after
{Heap after GC invocations=37 (full 0):
 garbage-first heap   total 205824K, used 107852K [0x0000000080000000, 0x0000000100000000)
  region size 1024K, 7 young (7168K), 7 survivors (7168K)
 Metaspace       used 114472K, committed 116544K, reserved 1179648K
  class space    used 15581K, committed 16640K, reserved 1048576K
}
Event: 14.261 GC heap before
{Heap before GC invocations=37 (full 0):
 garbage-first heap   total 205824K, used 183628K [0x0000000080000000, 0x0000000100000000)
  region size 1024K, 82 young (83968K), 7 survivors (7168K)
 Metaspace       used 114612K, committed 116672K, reserved 1179648K
  class space    used 15605K, committed 16640K, reserved 1048576K
}
Event: 14.267 GC heap after
{Heap after GC invocations=38 (full 0):
 garbage-first heap   total 205824K, used 110469K [0x0000000080000000, 0x0000000100000000)
  region size 1024K, 5 young (5120K), 5 survivors (5120K)
 Metaspace       used 114612K, committed 116672K, reserved 1179648K
  class space    used 15605K, committed 16640K, reserved 1048576K
}
Event: 14.496 GC heap before
{Heap before GC invocations=38 (full 0):
 garbage-first heap   total 205824K, used 143237K [0x0000000080000000, 0x0000000100000000)
  region size 1024K, 38 young (38912K), 5 survivors (5120K)
 Metaspace       used 115468K, committed 117632K, reserved 1179648K
  class space    used 15770K, committed 16832K, reserved 1048576K
}
Event: 14.499 GC heap after
{Heap after GC invocations=39 (full 0):
 garbage-first heap   total 205824K, used 112176K [0x0000000080000000, 0x0000000100000000)
  region size 1024K, 7 young (7168K), 7 survivors (7168K)
 Metaspace       used 115468K, committed 117632K, reserved 1179648K
  class space    used 15770K, committed 16832K, reserved 1048576K
}

