# JRE version: OpenJDK Runtime Environment (21.0.3) (build 21.0.3+-12282718-b509.11)
# Java VM: OpenJDK 64-Bit Server VM (21.0.3+-12282718-b509.11, mixed mode, tiered, compressed oops, compressed class ptrs, g1 gc, windows-amd64)
GC Precious Log:
 CardTable entry size: 512
 Card Set container configuration: InlinePtr #cards 5 size 8 Array Of Cards #cards 12 size 40 Howl #buckets 4 coarsen threshold 1843 Howl Bitmap #cards 512 size 80 coarsen threshold 460 Card regions per heap region 1 cards per card region 2048
 CPUs: 8 total, 8 available
 Memory: 16106M
 Large Page Support: Disabled
 NUMA Support: Disabled
 Compressed Oops: Enabled (32-bit)
 Heap Region Size: 1M
 Heap Min Capacity: 8M
 Heap Initial Capacity: 252M
 Heap Max Capacity: 2G
 Pre-touch: Disabled
 Parallel Workers: 8
 Concurrent Workers: 2
 Concurrent Refinement Workers: 8
 Periodic GC: Disabled
Heap:
 garbage-first heap   total 284672K, used 184285K [0x0000000080000000, 0x0000000100000000)
  region size 1024K, 34 young (34816K), 8 survivors (8192K)
 Metaspace       used 141221K, committed 143616K, reserved 1179648K
  class space    used 18384K, committed 19584K, reserved 1048576K
GC Heap History (20 events):
Event: 16.850 GC heap before
{Heap before GC invocations=35 (full 0):
 garbage-first heap   total 250880K, used 222010K [0x0000000080000000, 0x0000000100000000)
  region size 1024K, 114 young (116736K), 7 survivors (7168K)
 Metaspace       used 115512K, committed 117632K, reserved 1179648K
  class space    used 15729K, committed 16768K, reserved 1048576K
}
Event: 16.860 GC heap after
{Heap after GC invocations=36 (full 0):
 garbage-first heap   total 250880K, used 117443K [0x0000000080000000, 0x0000000100000000)
  region size 1024K, 11 young (11264K), 11 survivors (11264K)
 Metaspace       used 115512K, committed 117632K, reserved 1179648K
  class space    used 15729K, committed 16768K, reserved 1048576K
}
Event: 17.422 GC heap before
{Heap before GC invocations=37 (full 0):
 garbage-first heap   total 250880K, used 224963K [0x0000000080000000, 0x0000000100000000)
  region size 1024K, 117 young (119808K), 11 survivors (11264K)
 Metaspace       used 115546K, committed 117696K, reserved 1179648K
  class space    used 15731K, committed 16768K, reserved 1048576K
}
Event: 17.433 GC heap after
{Heap after GC invocations=38 (full 0):
 garbage-first heap   total 250880K, used 119736K [0x0000000080000000, 0x0000000100000000)
  region size 1024K, 9 young (9216K), 9 survivors (9216K)
 Metaspace       used 115546K, committed 117696K, reserved 1179648K
  class space    used 15731K, committed 16768K, reserved 1048576K
}
Event: 708.253 GC heap before
{Heap before GC invocations=38 (full 0):
 garbage-first heap   total 250880K, used 226232K [0x0000000080000000, 0x0000000100000000)
  region size 1024K, 114 young (116736K), 9 survivors (9216K)
 Metaspace       used 121795K, committed 123968K, reserved 1179648K
  class space    used 16310K, committed 17408K, reserved 1048576K
}
Event: 708.264 GC heap after
{Heap after GC invocations=39 (full 0):
 garbage-first heap   total 250880K, used 120113K [0x0000000080000000, 0x0000000100000000)
  region size 1024K, 7 young (7168K), 7 survivors (7168K)
 Metaspace       used 121795K, committed 123968K, reserved 1179648K
  class space    used 16310K, committed 17408K, reserved 1048576K
}
Event: 954.624 GC heap before
{Heap before GC invocations=39 (full 0):
 garbage-first heap   total 250880K, used 226609K [0x0000000080000000, 0x0000000100000000)
  region size 1024K, 113 young (115712K), 7 survivors (7168K)
 Metaspace       used 122837K, committed 124992K, reserved 1179648K
  class space    used 16401K, committed 17472K, reserved 1048576K
}
Event: 954.637 GC heap after
{Heap after GC invocations=40 (full 0):
 garbage-first heap   total 250880K, used 131825K [0x0000000080000000, 0x0000000100000000)
  region size 1024K, 15 young (15360K), 15 survivors (15360K)
 Metaspace       used 122837K, committed 124992K, reserved 1179648K
  class space    used 16401K, committed 17472K, reserved 1048576K
}
Event: 955.783 GC heap before
{Heap before GC invocations=41 (full 0):
 garbage-first heap   total 250880K, used 249585K [0x0000000080000000, 0x0000000100000000)
  region size 1024K, 103 young (105472K), 15 survivors (15360K)
 Metaspace       used 128152K, committed 130432K, reserved 1179648K
  class space    used 16997K, committed 18112K, reserved 1048576K
}
Event: 955.794 GC heap after
{Heap after GC invocations=42 (full 0):
 garbage-first heap   total 270336K, used 135832K [0x0000000080000000, 0x0000000100000000)
  region size 1024K, 3 young (3072K), 3 survivors (3072K)
 Metaspace       used 128152K, committed 130432K, reserved 1179648K
  class space    used 16997K, committed 18112K, reserved 1048576K
}
Event: 957.306 GC heap before
{Heap before GC invocations=42 (full 0):
 garbage-first heap   total 270336K, used 247448K [0x0000000080000000, 0x0000000100000000)
  region size 1024K, 113 young (115712K), 3 survivors (3072K)
 Metaspace       used 131758K, committed 134016K, reserved 1179648K
  class space    used 17392K, committed 18496K, reserved 1048576K
}
Event: 957.315 GC heap after
{Heap after GC invocations=43 (full 0):
 garbage-first heap   total 270336K, used 142346K [0x0000000080000000, 0x0000000100000000)
  region size 1024K, 10 young (10240K), 10 survivors (10240K)
 Metaspace       used 131758K, committed 134016K, reserved 1179648K
  class space    used 17392K, committed 18496K, reserved 1048576K
}
Event: 959.204 GC heap before
{Heap before GC invocations=43 (full 0):
 garbage-first heap   total 270336K, used 183306K [0x0000000080000000, 0x0000000100000000)
  region size 1024K, 52 young (53248K), 10 survivors (10240K)
 Metaspace       used 132313K, committed 134592K, reserved 1179648K
  class space    used 17460K, committed 18624K, reserved 1048576K
}
Event: 959.211 GC heap after
{Heap after GC invocations=44 (full 0):
 garbage-first heap   total 270336K, used 143927K [0x0000000080000000, 0x0000000100000000)
  region size 1024K, 2 young (2048K), 2 survivors (2048K)
 Metaspace       used 132313K, committed 134592K, reserved 1179648K
  class space    used 17460K, committed 18624K, reserved 1048576K
}
Event: 960.140 GC heap before
{Heap before GC invocations=45 (full 0):
 garbage-first heap   total 270336K, used 256567K [0x0000000080000000, 0x0000000100000000)
  region size 1024K, 107 young (109568K), 2 survivors (2048K)
 Metaspace       used 138598K, committed 140928K, reserved 1179648K
  class space    used 18065K, committed 19264K, reserved 1048576K
}
Event: 960.145 GC heap after
{Heap after GC invocations=46 (full 0):
 garbage-first heap   total 270336K, used 152292K [0x0000000080000000, 0x0000000100000000)
  region size 1024K, 6 young (6144K), 6 survivors (6144K)
 Metaspace       used 138598K, committed 140928K, reserved 1179648K
  class space    used 18065K, committed 19264K, reserved 1048576K
}
Event: 993.505 GC heap before
{Heap before GC invocations=46 (full 0):
 garbage-first heap   total 270336K, used 248548K [0x0000000080000000, 0x0000000100000000)
  region size 1024K, 101 young (103424K), 6 survivors (6144K)
 Metaspace       used 139794K, committed 142144K, reserved 1179648K
  class space    used 18220K, committed 19392K, reserved 1048576K
}
Event: 993.522 GC heap after
{Heap after GC invocations=47 (full 0):
 garbage-first heap   total 273408K, used 151088K [0x0000000080000000, 0x0000000100000000)
  region size 1024K, 13 young (13312K), 13 survivors (13312K)
 Metaspace       used 139794K, committed 142144K, reserved 1179648K
  class space    used 18220K, committed 19392K, reserved 1048576K
}
Event: 1003.244 GC heap before
{Heap before GC invocations=47 (full 0):
 garbage-first heap   total 273408K, used 244272K [0x0000000080000000, 0x0000000100000000)
  region size 1024K, 105 young (107520K), 13 survivors (13312K)
 Metaspace       used 140530K, committed 142912K, reserved 1179648K
  class space    used 18296K, committed 19520K, reserved 1048576K
}
Event: 1003.256 GC heap after
{Heap after GC invocations=48 (full 0):
 garbage-first heap   total 273408K, used 159709K [0x0000000080000000, 0x0000000100000000)
  region size 1024K, 8 young (8192K), 8 survivors (8192K)
 Metaspace       used 140530K, committed 142912K, reserved 1179648K
  class space    used 18296K, committed 19520K, reserved 1048576K
}

