# JRE version: OpenJDK Runtime Environment (21.0.3) (build 21.0.3+-12282718-b509.11)
# Java VM: OpenJDK 64-Bit Server VM (21.0.3+-12282718-b509.11, mixed mode, tiered, compressed oops, compressed class ptrs, g1 gc, windows-amd64)
GC Precious Log:
 CardTable entry size: 512
 Card Set container configuration: InlinePtr #cards 5 size 8 Array Of Cards #cards 12 size 40 Howl #buckets 4 coarsen threshold 1843 Howl Bitmap #cards 512 size 80 coarsen threshold 460 Card regions per heap region 1 cards per card region 2048
 CPUs: 8 total, 8 available
 Memory: 16106M
 Large Page Support: Disabled
 NUMA Support: Disabled
 Compressed Oops: Enabled (32-bit)
 Heap Region Size: 1M
 Heap Min Capacity: 8M
 Heap Initial Capacity: 252M
 Heap Max Capacity: 2G
 Pre-touch: Disabled
 Parallel Workers: 8
 Concurrent Workers: 2
 Concurrent Refinement Workers: 8
 Periodic GC: Disabled
Heap:
 garbage-first heap   total 269312K, used 170227K [0x0000000080000000, 0x0000000100000000)
  region size 1024K, 37 young (37888K), 14 survivors (14336K)
 Metaspace       used 142877K, committed 145216K, reserved 1179648K
  class space    used 19542K, committed 20672K, reserved 1048576K
GC Heap History (20 events):
Event: 11.394 GC heap before
{Heap before GC invocations=32 (full 0):
 garbage-first heap   total 169984K, used 150603K [0x0000000080000000, 0x0000000100000000)
  region size 1024K, 55 young (56320K), 8 survivors (8192K)
 Metaspace       used 114431K, committed 116608K, reserved 1179648K
  class space    used 15569K, committed 16640K, reserved 1048576K
}
Event: 11.400 GC heap after
{Heap after GC invocations=33 (full 0):
 garbage-first heap   total 169984K, used 107067K [0x0000000080000000, 0x0000000100000000)
  region size 1024K, 4 young (4096K), 4 survivors (4096K)
 Metaspace       used 114431K, committed 116608K, reserved 1179648K
  class space    used 15569K, committed 16640K, reserved 1048576K
}
Event: 11.587 GC heap before
{Heap before GC invocations=34 (full 0):
 garbage-first heap   total 206848K, used 153147K [0x0000000080000000, 0x0000000100000000)
  region size 1024K, 50 young (51200K), 4 survivors (4096K)
 Metaspace       used 114477K, committed 116608K, reserved 1179648K
  class space    used 15576K, committed 16640K, reserved 1048576K
}
Event: 11.591 GC heap after
{Heap after GC invocations=35 (full 0):
 garbage-first heap   total 206848K, used 107937K [0x0000000080000000, 0x0000000100000000)
  region size 1024K, 5 young (5120K), 5 survivors (5120K)
 Metaspace       used 114477K, committed 116608K, reserved 1179648K
  class space    used 15576K, committed 16640K, reserved 1048576K
}
Event: 11.885 GC heap before
{Heap before GC invocations=35 (full 0):
 garbage-first heap   total 206848K, used 183713K [0x0000000080000000, 0x0000000100000000)
  region size 1024K, 80 young (81920K), 5 survivors (5120K)
 Metaspace       used 115028K, committed 117120K, reserved 1179648K
  class space    used 15681K, committed 16704K, reserved 1048576K
}
Event: 11.892 GC heap after
{Heap after GC invocations=36 (full 0):
 garbage-first heap   total 206848K, used 109773K [0x0000000080000000, 0x0000000100000000)
  region size 1024K, 8 young (8192K), 8 survivors (8192K)
 Metaspace       used 115028K, committed 117120K, reserved 1179648K
  class space    used 15681K, committed 16704K, reserved 1048576K
}
Event: 12.161 GC heap before
{Heap before GC invocations=36 (full 0):
 garbage-first heap   total 206848K, used 185549K [0x0000000080000000, 0x0000000100000000)
  region size 1024K, 83 young (84992K), 8 survivors (8192K)
 Metaspace       used 115151K, committed 117312K, reserved 1179648K
  class space    used 15694K, committed 16768K, reserved 1048576K
}
Event: 12.168 GC heap after
{Heap after GC invocations=37 (full 0):
 garbage-first heap   total 248832K, used 112464K [0x0000000080000000, 0x0000000100000000)
  region size 1024K, 9 young (9216K), 9 survivors (9216K)
 Metaspace       used 115151K, committed 117312K, reserved 1179648K
  class space    used 15694K, committed 16768K, reserved 1048576K
}
Event: 12.708 GC heap before
{Heap before GC invocations=38 (full 0):
 garbage-first heap   total 248832K, used 224080K [0x0000000080000000, 0x0000000100000000)
  region size 1024K, 119 young (121856K), 9 survivors (9216K)
 Metaspace       used 116322K, committed 118464K, reserved 1179648K
  class space    used 15863K, committed 16896K, reserved 1048576K
}
Event: 12.718 GC heap after
{Heap after GC invocations=39 (full 0):
 garbage-first heap   total 248832K, used 119480K [0x0000000080000000, 0x0000000100000000)
  region size 1024K, 12 young (12288K), 12 survivors (12288K)
 Metaspace       used 116322K, committed 118464K, reserved 1179648K
  class space    used 15863K, committed 16896K, reserved 1048576K
}
Event: 13.635 GC heap before
{Heap before GC invocations=39 (full 0):
 garbage-first heap   total 248832K, used 228024K [0x0000000080000000, 0x0000000100000000)
  region size 1024K, 113 young (115712K), 12 survivors (12288K)
 Metaspace       used 124330K, committed 126528K, reserved 1179648K
  class space    used 16860K, committed 17984K, reserved 1048576K
}
Event: 13.653 GC heap after
{Heap after GC invocations=40 (full 0):
 garbage-first heap   total 259072K, used 138100K [0x0000000080000000, 0x0000000100000000)
  region size 1024K, 15 young (15360K), 15 survivors (15360K)
 Metaspace       used 124330K, committed 126528K, reserved 1179648K
  class space    used 16860K, committed 17984K, reserved 1048576K
}
Event: 14.803 GC heap before
{Heap before GC invocations=40 (full 0):
 garbage-first heap   total 259072K, used 227188K [0x0000000080000000, 0x0000000100000000)
  region size 1024K, 103 young (105472K), 15 survivors (15360K)
 Metaspace       used 127246K, committed 129408K, reserved 1179648K
  class space    used 17128K, committed 18240K, reserved 1048576K
}
Event: 14.815 GC heap after
{Heap after GC invocations=41 (full 0):
 garbage-first heap   total 259072K, used 135795K [0x0000000080000000, 0x0000000100000000)
  region size 1024K, 7 young (7168K), 7 survivors (7168K)
 Metaspace       used 127246K, committed 129408K, reserved 1179648K
  class space    used 17128K, committed 18240K, reserved 1048576K
}
Event: 15.159 GC heap before
{Heap before GC invocations=42 (full 0):
 garbage-first heap   total 265216K, used 227955K [0x0000000080000000, 0x0000000100000000)
  region size 1024K, 98 young (100352K), 7 survivors (7168K)
 Metaspace       used 127303K, committed 129472K, reserved 1179648K
  class space    used 17130K, committed 18240K, reserved 1048576K
}
Event: 15.168 GC heap after
{Heap after GC invocations=43 (full 0):
 garbage-first heap   total 265216K, used 136734K [0x0000000080000000, 0x0000000100000000)
  region size 1024K, 7 young (7168K), 7 survivors (7168K)
 Metaspace       used 127303K, committed 129472K, reserved 1179648K
  class space    used 17130K, committed 18240K, reserved 1048576K
}
Event: 15.830 GC heap before
{Heap before GC invocations=43 (full 0):
 garbage-first heap   total 265216K, used 238110K [0x0000000080000000, 0x0000000100000000)
  region size 1024K, 105 young (107520K), 7 survivors (7168K)
 Metaspace       used 132160K, committed 134400K, reserved 1179648K
  class space    used 17848K, committed 18944K, reserved 1048576K
}
Event: 15.839 GC heap after
{Heap after GC invocations=44 (full 0):
 garbage-first heap   total 265216K, used 139361K [0x0000000080000000, 0x0000000100000000)
  region size 1024K, 11 young (11264K), 11 survivors (11264K)
 Metaspace       used 132160K, committed 134400K, reserved 1179648K
  class space    used 17848K, committed 18944K, reserved 1048576K
}
Event: 16.450 GC heap before
{Heap before GC invocations=44 (full 0):
 garbage-first heap   total 265216K, used 237665K [0x0000000080000000, 0x0000000100000000)
  region size 1024K, 108 young (110592K), 11 survivors (11264K)
 Metaspace       used 142446K, committed 144640K, reserved 1179648K
  class space    used 19511K, committed 20608K, reserved 1048576K
}
Event: 16.462 GC heap after
{Heap after GC invocations=45 (full 0):
 garbage-first heap   total 265216K, used 147699K [0x0000000080000000, 0x0000000100000000)
  region size 1024K, 14 young (14336K), 14 survivors (14336K)
 Metaspace       used 142446K, committed 144640K, reserved 1179648K
  class space    used 19511K, committed 20608K, reserved 1048576K
}

