# JRE version: OpenJDK Runtime Environment (21.0.3) (build 21.0.3+-12282718-b509.11)
# Java VM: OpenJDK 64-Bit Server VM (21.0.3+-12282718-b509.11, mixed mode, tiered, compressed oops, compressed class ptrs, g1 gc, windows-amd64)
GC Precious Log:
 CardTable entry size: 512
 Card Set container configuration: InlinePtr #cards 5 size 8 Array Of Cards #cards 12 size 40 Howl #buckets 4 coarsen threshold 1843 Howl Bitmap #cards 512 size 80 coarsen threshold 460 Card regions per heap region 1 cards per card region 2048
 CPUs: 8 total, 8 available
 Memory: 16106M
 Large Page Support: Disabled
 NUMA Support: Disabled
 Compressed Oops: Enabled (32-bit)
 Heap Region Size: 1M
 Heap Min Capacity: 8M
 Heap Initial Capacity: 252M
 Heap Max Capacity: 2G
 Pre-touch: Disabled
 Parallel Workers: 8
 Concurrent Workers: 2
 Concurrent Refinement Workers: 8
 Periodic GC: Disabled
Heap:
 garbage-first heap   total 294912K, used 219982K [0x0000000080000000, 0x0000000100000000)
  region size 1024K, 61 young (62464K), 14 survivors (14336K)
 Metaspace       used 144036K, committed 146432K, reserved 1179648K
  class space    used 18889K, committed 20096K, reserved 1048576K
GC Heap History (20 events):
Event: 13.002 GC heap before
{Heap before GC invocations=39 (full 0):
 garbage-first heap   total 218112K, used 216372K [0x0000000080000000, 0x0000000100000000)
  region size 1024K, 82 young (83968K), 6 survivors (6144K)
 Metaspace       used 119806K, committed 121984K, reserved 1179648K
  class space    used 16240K, committed 17344K, reserved 1048576K
}
Event: 13.018 GC heap after
{Heap after GC invocations=40 (full 0):
 garbage-first heap   total 245760K, used 132681K [0x0000000080000000, 0x0000000100000000)
  region size 1024K, 12 young (12288K), 12 survivors (12288K)
 Metaspace       used 119806K, committed 121984K, reserved 1179648K
  class space    used 16240K, committed 17344K, reserved 1048576K
}
Event: 13.393 GC heap before
{Heap before GC invocations=40 (full 0):
 garbage-first heap   total 245760K, used 208457K [0x0000000080000000, 0x0000000100000000)
  region size 1024K, 87 young (89088K), 12 survivors (12288K)
 Metaspace       used 122086K, committed 124160K, reserved 1179648K
  class space    used 16477K, committed 17536K, reserved 1048576K
}
Event: 13.405 GC heap after
{Heap after GC invocations=41 (full 0):
 garbage-first heap   total 245760K, used 134469K [0x0000000080000000, 0x0000000100000000)
  region size 1024K, 6 young (6144K), 6 survivors (6144K)
 Metaspace       used 122086K, committed 124160K, reserved 1179648K
  class space    used 16477K, committed 17536K, reserved 1048576K
}
Event: 13.723 GC heap before
{Heap before GC invocations=41 (full 0):
 garbage-first heap   total 245760K, used 212293K [0x0000000080000000, 0x0000000100000000)
  region size 1024K, 83 young (84992K), 6 survivors (6144K)
 Metaspace       used 122303K, committed 124416K, reserved 1179648K
  class space    used 16496K, committed 17536K, reserved 1048576K
}
Event: 13.729 GC heap after
{Heap after GC invocations=42 (full 0):
 garbage-first heap   total 245760K, used 135720K [0x0000000080000000, 0x0000000100000000)
  region size 1024K, 7 young (7168K), 7 survivors (7168K)
 Metaspace       used 122303K, committed 124416K, reserved 1179648K
  class space    used 16496K, committed 17536K, reserved 1048576K
}
Event: 14.288 GC heap before
{Heap before GC invocations=43 (full 0):
 garbage-first heap   total 245760K, used 202280K [0x0000000080000000, 0x0000000100000000)
  region size 1024K, 86 young (88064K), 7 survivors (7168K)
 Metaspace       used 123679K, committed 125824K, reserved 1179648K
  class space    used 16655K, committed 17728K, reserved 1048576K
}
Event: 14.296 GC heap after
{Heap after GC invocations=44 (full 0):
 garbage-first heap   total 245760K, used 126488K [0x0000000080000000, 0x0000000100000000)
  region size 1024K, 9 young (9216K), 9 survivors (9216K)
 Metaspace       used 123679K, committed 125824K, reserved 1179648K
  class space    used 16655K, committed 17728K, reserved 1048576K
}
Event: 14.731 GC heap before
{Heap before GC invocations=44 (full 0):
 garbage-first heap   total 245760K, used 212504K [0x0000000080000000, 0x0000000100000000)
  region size 1024K, 94 young (96256K), 9 survivors (9216K)
 Metaspace       used 124219K, committed 126336K, reserved 1179648K
  class space    used 16699K, committed 17792K, reserved 1048576K
}
Event: 14.740 GC heap after
{Heap after GC invocations=45 (full 0):
 garbage-first heap   total 245760K, used 124816K [0x0000000080000000, 0x0000000100000000)
  region size 1024K, 10 young (10240K), 10 survivors (10240K)
 Metaspace       used 124219K, committed 126336K, reserved 1179648K
  class space    used 16699K, committed 17792K, reserved 1048576K
}
Event: 16.700 GC heap before
{Heap before GC invocations=45 (full 0):
 garbage-first heap   total 245760K, used 219024K [0x0000000080000000, 0x0000000100000000)
  region size 1024K, 103 young (105472K), 10 survivors (10240K)
 Metaspace       used 125233K, committed 127296K, reserved 1179648K
  class space    used 16818K, committed 17856K, reserved 1048576K
}
Event: 16.711 GC heap after
{Heap after GC invocations=46 (full 0):
 garbage-first heap   total 294912K, used 132119K [0x0000000080000000, 0x0000000100000000)
  region size 1024K, 13 young (13312K), 13 survivors (13312K)
 Metaspace       used 125233K, committed 127296K, reserved 1179648K
  class space    used 16818K, committed 17856K, reserved 1048576K
}
Event: 17.269 GC heap before
{Heap before GC invocations=47 (full 0):
 garbage-first heap   total 294912K, used 267287K [0x0000000080000000, 0x0000000100000000)
  region size 1024K, 140 young (143360K), 13 survivors (13312K)
 Metaspace       used 128240K, committed 130432K, reserved 1179648K
  class space    used 17015K, committed 18112K, reserved 1048576K
}
Event: 17.276 GC heap after
{Heap after GC invocations=48 (full 0):
 garbage-first heap   total 294912K, used 138192K [0x0000000080000000, 0x0000000100000000)
  region size 1024K, 12 young (12288K), 12 survivors (12288K)
 Metaspace       used 128240K, committed 130432K, reserved 1179648K
  class space    used 17015K, committed 18112K, reserved 1048576K
}
Event: 19.687 GC heap before
{Heap before GC invocations=48 (full 0):
 garbage-first heap   total 294912K, used 263120K [0x0000000080000000, 0x0000000100000000)
  region size 1024K, 135 young (138240K), 12 survivors (12288K)
 Metaspace       used 133955K, committed 136256K, reserved 1179648K
  class space    used 17741K, committed 18880K, reserved 1048576K
}
Event: 19.706 GC heap after
{Heap after GC invocations=49 (full 0):
 garbage-first heap   total 294912K, used 146999K [0x0000000080000000, 0x0000000100000000)
  region size 1024K, 17 young (17408K), 17 survivors (17408K)
 Metaspace       used 133955K, committed 136256K, reserved 1179648K
  class space    used 17741K, committed 18880K, reserved 1048576K
}
Event: 19.951 GC heap before
{Heap before GC invocations=49 (full 0):
 garbage-first heap   total 294912K, used 165431K [0x0000000080000000, 0x0000000100000000)
  region size 1024K, 36 young (36864K), 17 survivors (17408K)
 Metaspace       used 135632K, committed 137856K, reserved 1179648K
  class space    used 17962K, committed 19072K, reserved 1048576K
}
Event: 19.961 GC heap after
{Heap after GC invocations=50 (full 0):
 garbage-first heap   total 294912K, used 153298K [0x0000000080000000, 0x0000000100000000)
  region size 1024K, 6 young (6144K), 6 survivors (6144K)
 Metaspace       used 135632K, committed 137856K, reserved 1179648K
  class space    used 17962K, committed 19072K, reserved 1048576K
}
Event: 21.223 GC heap before
{Heap before GC invocations=51 (full 0):
 garbage-first heap   total 294912K, used 264914K [0x0000000080000000, 0x0000000100000000)
  region size 1024K, 110 young (112640K), 6 survivors (6144K)
 Metaspace       used 143758K, committed 146112K, reserved 1179648K
  class space    used 18871K, committed 20032K, reserved 1048576K
}
Event: 21.235 GC heap after
{Heap after GC invocations=52 (full 0):
 garbage-first heap   total 294912K, used 173902K [0x0000000080000000, 0x0000000100000000)
  region size 1024K, 14 young (14336K), 14 survivors (14336K)
 Metaspace       used 143758K, committed 146112K, reserved 1179648K
  class space    used 18871K, committed 20032K, reserved 1048576K
}

