# JRE version: OpenJDK Runtime Environment (21.0.6) (build 21.0.6+-13391695-b895.109)
# Java VM: OpenJDK 64-Bit Server VM (21.0.6+-13391695-b895.109, mixed mode, tiered, compressed oops, compressed class ptrs, g1 gc, windows-amd64)
GC Precious Log:
 CardTable entry size: 512
 Card Set container configuration: InlinePtr #cards 5 size 8 Array Of Cards #cards 12 size 40 Howl #buckets 4 coarsen threshold 1843 Howl Bitmap #cards 512 size 80 coarsen threshold 460 Card regions per heap region 1 cards per card region 2048
 CPUs: 8 total, 8 available
 Memory: 16244M
 Large Page Support: Disabled
 NUMA Support: Disabled
 Compressed Oops: Enabled (32-bit)
 Heap Region Size: 1M
 Heap Min Capacity: 8M
 Heap Initial Capacity: 254M
 Heap Max Capacity: 2G
 Pre-touch: Disabled
 Parallel Workers: 8
 Concurrent Workers: 2
 Concurrent Refinement Workers: 8
 Periodic GC: Disabled
Heap:
 garbage-first heap   total 392192K, used 351128K [0x0000000080000000, 0x0000000100000000)
  region size 1024K, 189 young (193536K), 14 survivors (14336K)
 Metaspace       used 157293K, committed 159232K, reserved 1245184K
  class space    used 20439K, committed 21568K, reserved 1048576K
GC Heap History (20 events):
Event: 6083.276 GC heap before
{Heap before GC invocations=71 (full 1):
 garbage-first heap   total 324608K, used 291001K [0x0000000080000000, 0x0000000100000000)
  region size 1024K, 148 young (151552K), 5 survivors (5120K)
 Metaspace       used 151133K, committed 153536K, reserved 1245184K
  class space    used 19938K, committed 21568K, reserved 1048576K
}
Event: 6083.289 GC heap after
{Heap after GC invocations=72 (full 1):
 garbage-first heap   total 324608K, used 158287K [0x0000000080000000, 0x0000000100000000)
  region size 1024K, 17 young (17408K), 17 survivors (17408K)
 Metaspace       used 151133K, committed 153536K, reserved 1245184K
  class space    used 19938K, committed 21568K, reserved 1048576K
}
Event: 6206.218 GC heap before
{Heap before GC invocations=73 (full 1):
 garbage-first heap   total 324608K, used 315983K [0x0000000080000000, 0x0000000100000000)
  region size 1024K, 143 young (146432K), 17 survivors (17408K)
 Metaspace       used 151244K, committed 153600K, reserved 1245184K
  class space    used 19924K, committed 21568K, reserved 1048576K
}
Event: 6206.237 GC heap after
{Heap after GC invocations=74 (full 1):
 garbage-first heap   total 335872K, used 157377K [0x0000000080000000, 0x0000000100000000)
  region size 1024K, 14 young (14336K), 14 survivors (14336K)
 Metaspace       used 151244K, committed 153600K, reserved 1245184K
  class space    used 19924K, committed 21568K, reserved 1048576K
}
Event: 6279.571 GC heap before
{Heap before GC invocations=74 (full 1):
 garbage-first heap   total 335872K, used 330433K [0x0000000080000000, 0x0000000100000000)
  region size 1024K, 154 young (157696K), 14 survivors (14336K)
 Metaspace       used 151460K, committed 153856K, reserved 1245184K
  class space    used 19929K, committed 21568K, reserved 1048576K
}
Event: 6279.581 GC heap after
{Heap after GC invocations=75 (full 1):
 garbage-first heap   total 344064K, used 145941K [0x0000000080000000, 0x0000000100000000)
  region size 1024K, 9 young (9216K), 9 survivors (9216K)
 Metaspace       used 151460K, committed 153856K, reserved 1245184K
  class space    used 19929K, committed 21568K, reserved 1048576K
}
Event: 6281.128 GC heap before
{Heap before GC invocations=75 (full 1):
 garbage-first heap   total 344064K, used 253461K [0x0000000080000000, 0x0000000100000000)
  region size 1024K, 116 young (118784K), 9 survivors (9216K)
 Metaspace       used 151590K, committed 153984K, reserved 1245184K
  class space    used 19929K, committed 21568K, reserved 1048576K
}
Event: 6281.141 GC heap after
{Heap after GC invocations=76 (full 1):
 garbage-first heap   total 344064K, used 153633K [0x0000000080000000, 0x0000000100000000)
  region size 1024K, 17 young (17408K), 17 survivors (17408K)
 Metaspace       used 151590K, committed 153984K, reserved 1245184K
  class space    used 19929K, committed 21568K, reserved 1048576K
}
Event: 6587.617 GC heap before
{Heap before GC invocations=77 (full 1):
 garbage-first heap   total 344064K, used 334881K [0x0000000080000000, 0x0000000100000000)
  region size 1024K, 165 young (168960K), 17 survivors (17408K)
 Metaspace       used 151731K, committed 154112K, reserved 1245184K
  class space    used 19937K, committed 21568K, reserved 1048576K
}
Event: 6587.632 GC heap after
{Heap after GC invocations=78 (full 1):
 garbage-first heap   total 356352K, used 154459K [0x0000000080000000, 0x0000000100000000)
  region size 1024K, 17 young (17408K), 17 survivors (17408K)
 Metaspace       used 151731K, committed 154112K, reserved 1245184K
  class space    used 19937K, committed 21568K, reserved 1048576K
}
Event: 7117.809 GC heap before
{Heap before GC invocations=78 (full 1):
 garbage-first heap   total 356352K, used 342875K [0x0000000080000000, 0x0000000100000000)
  region size 1024K, 172 young (176128K), 17 survivors (17408K)
 Metaspace       used 152036K, committed 154432K, reserved 1245184K
  class space    used 19949K, committed 21568K, reserved 1048576K
}
Event: 7117.824 GC heap after
{Heap after GC invocations=79 (full 1):
 garbage-first heap   total 362496K, used 147920K [0x0000000080000000, 0x0000000100000000)
  region size 1024K, 13 young (13312K), 13 survivors (13312K)
 Metaspace       used 152036K, committed 154432K, reserved 1245184K
  class space    used 19949K, committed 21568K, reserved 1048576K
}
Event: 7117.918 GC heap before
{Heap before GC invocations=79 (full 1):
 garbage-first heap   total 362496K, used 156112K [0x0000000080000000, 0x0000000100000000)
  region size 1024K, 22 young (22528K), 13 survivors (13312K)
 Metaspace       used 152184K, committed 154560K, reserved 1245184K
  class space    used 19965K, committed 21568K, reserved 1048576K
}
Event: 7117.930 GC heap after
{Heap after GC invocations=80 (full 1):
 garbage-first heap   total 362496K, used 148186K [0x0000000080000000, 0x0000000100000000)
  region size 1024K, 13 young (13312K), 13 survivors (13312K)
 Metaspace       used 152184K, committed 154560K, reserved 1245184K
  class space    used 19965K, committed 21568K, reserved 1048576K
}
Event: 7120.556 GC heap before
{Heap before GC invocations=81 (full 1):
 garbage-first heap   total 385024K, used 382682K [0x0000000080000000, 0x0000000100000000)
  region size 1024K, 185 young (189440K), 13 survivors (13312K)
 Metaspace       used 156501K, committed 158464K, reserved 1245184K
  class space    used 20418K, committed 21568K, reserved 1048576K
}
Event: 7120.561 GC heap after
{Heap after GC invocations=82 (full 1):
 garbage-first heap   total 388096K, used 137832K [0x0000000080000000, 0x0000000100000000)
  region size 1024K, 3 young (3072K), 3 survivors (3072K)
 Metaspace       used 156501K, committed 158464K, reserved 1245184K
  class space    used 20418K, committed 21568K, reserved 1048576K
}
Event: 7321.701 GC heap before
{Heap before GC invocations=82 (full 1):
 garbage-first heap   total 388096K, used 385640K [0x0000000080000000, 0x0000000100000000)
  region size 1024K, 216 young (221184K), 3 survivors (3072K)
 Metaspace       used 156903K, committed 158848K, reserved 1245184K
  class space    used 20436K, committed 21568K, reserved 1048576K
}
Event: 7321.706 GC heap after
{Heap after GC invocations=83 (full 1):
 garbage-first heap   total 392192K, used 132185K [0x0000000080000000, 0x0000000100000000)
  region size 1024K, 3 young (3072K), 3 survivors (3072K)
 Metaspace       used 156903K, committed 158848K, reserved 1245184K
  class space    used 20436K, committed 21568K, reserved 1048576K
}
Event: 7359.284 GC heap before
{Heap before GC invocations=83 (full 1):
 garbage-first heap   total 392192K, used 362585K [0x0000000080000000, 0x0000000100000000)
  region size 1024K, 229 young (234496K), 3 survivors (3072K)
 Metaspace       used 157089K, committed 159040K, reserved 1245184K
  class space    used 20437K, committed 21568K, reserved 1048576K
}
Event: 7359.308 GC heap after
{Heap after GC invocations=84 (full 1):
 garbage-first heap   total 392192K, used 143256K [0x0000000080000000, 0x0000000100000000)
  region size 1024K, 14 young (14336K), 14 survivors (14336K)
 Metaspace       used 157089K, committed 159040K, reserved 1245184K
  class space    used 20437K, committed 21568K, reserved 1048576K
}

