# JRE version: OpenJDK Runtime Environment (21.0.3) (build 21.0.3+-12282718-b509.11)
# Java VM: OpenJDK 64-Bit Server VM (21.0.3+-12282718-b509.11, mixed mode, tiered, compressed oops, compressed class ptrs, g1 gc, windows-amd64)
GC Precious Log:
 CardTable entry size: 512
 Card Set container configuration: InlinePtr #cards 5 size 8 Array Of Cards #cards 12 size 40 Howl #buckets 4 coarsen threshold 1843 Howl Bitmap #cards 512 size 80 coarsen threshold 460 Card regions per heap region 1 cards per card region 2048
 CPUs: 8 total, 8 available
 Memory: 16106M
 Large Page Support: Disabled
 NUMA Support: Disabled
 Compressed Oops: Enabled (32-bit)
 Heap Region Size: 1M
 Heap Min Capacity: 8M
 Heap Initial Capacity: 252M
 Heap Max Capacity: 2G
 Pre-touch: Disabled
 Parallel Workers: 8
 Concurrent Workers: 2
 Concurrent Refinement Workers: 8
 Periodic GC: Disabled
Heap:
 garbage-first heap   total 175104K, used 144653K [0x0000000080000000, 0x0000000100000000)
  region size 1024K, 53 young (54272K), 9 survivors (9216K)
 Metaspace       used 114122K, committed 116224K, reserved 1179648K
  class space    used 15560K, committed 16640K, reserved 1048576K
GC Heap History (20 events):
Event: 7.982 GC heap before
{Heap before GC invocations=19 (full 0):
 garbage-first heap   total 126976K, used 111540K [0x0000000080000000, 0x0000000100000000)
  region size 1024K, 52 young (53248K), 8 survivors (8192K)
 Metaspace       used 74421K, committed 76096K, reserved 1114112K
  class space    used 10010K, committed 10816K, reserved 1048576K
}
Event: 7.986 GC heap after
{Heap after GC invocations=20 (full 0):
 garbage-first heap   total 126976K, used 68327K [0x0000000080000000, 0x0000000100000000)
  region size 1024K, 2 young (2048K), 2 survivors (2048K)
 Metaspace       used 74421K, committed 76096K, reserved 1114112K
  class space    used 10010K, committed 10816K, reserved 1048576K
}
Event: 8.279 GC heap before
{Heap before GC invocations=20 (full 0):
 garbage-first heap   total 126976K, used 95975K [0x0000000080000000, 0x0000000100000000)
  region size 1024K, 30 young (30720K), 2 survivors (2048K)
 Metaspace       used 78138K, committed 79872K, reserved 1179648K
  class space    used 10553K, committed 11456K, reserved 1048576K
}
Event: 8.283 GC heap after
{Heap after GC invocations=21 (full 0):
 garbage-first heap   total 126976K, used 70565K [0x0000000080000000, 0x0000000100000000)
  region size 1024K, 4 young (4096K), 4 survivors (4096K)
 Metaspace       used 78138K, committed 79872K, reserved 1179648K
  class space    used 10553K, committed 11456K, reserved 1048576K
}
Event: 8.630 GC heap before
{Heap before GC invocations=22 (full 0):
 garbage-first heap   total 145408K, used 119717K [0x0000000080000000, 0x0000000100000000)
  region size 1024K, 47 young (48128K), 4 survivors (4096K)
 Metaspace       used 80581K, committed 82304K, reserved 1179648K
  class space    used 10899K, committed 11776K, reserved 1048576K
}
Event: 8.634 GC heap after
{Heap after GC invocations=23 (full 0):
 garbage-first heap   total 145408K, used 75117K [0x0000000080000000, 0x0000000100000000)
  region size 1024K, 6 young (6144K), 6 survivors (6144K)
 Metaspace       used 80581K, committed 82304K, reserved 1179648K
  class space    used 10899K, committed 11776K, reserved 1048576K
}
Event: 9.192 GC heap before
{Heap before GC invocations=23 (full 0):
 garbage-first heap   total 145408K, used 126317K [0x0000000080000000, 0x0000000100000000)
  region size 1024K, 56 young (57344K), 6 survivors (6144K)
 Metaspace       used 85899K, committed 87616K, reserved 1179648K
  class space    used 11582K, committed 12416K, reserved 1048576K
}
Event: 9.197 GC heap after
{Heap after GC invocations=24 (full 0):
 garbage-first heap   total 145408K, used 77512K [0x0000000080000000, 0x0000000100000000)
  region size 1024K, 3 young (3072K), 3 survivors (3072K)
 Metaspace       used 85899K, committed 87616K, reserved 1179648K
  class space    used 11582K, committed 12416K, reserved 1048576K
}
Event: 9.671 GC heap before
{Heap before GC invocations=24 (full 0):
 garbage-first heap   total 145408K, used 128712K [0x0000000080000000, 0x0000000100000000)
  region size 1024K, 53 young (54272K), 3 survivors (3072K)
 Metaspace       used 89517K, committed 91392K, reserved 1179648K
  class space    used 12094K, committed 13056K, reserved 1048576K
}
Event: 9.675 GC heap after
{Heap after GC invocations=25 (full 0):
 garbage-first heap   total 145408K, used 79468K [0x0000000080000000, 0x0000000100000000)
  region size 1024K, 5 young (5120K), 5 survivors (5120K)
 Metaspace       used 89517K, committed 91392K, reserved 1179648K
  class space    used 12094K, committed 13056K, reserved 1048576K
}
Event: 10.039 GC heap before
{Heap before GC invocations=26 (full 0):
 garbage-first heap   total 145408K, used 130668K [0x0000000080000000, 0x0000000100000000)
  region size 1024K, 55 young (56320K), 5 survivors (5120K)
 Metaspace       used 91389K, committed 93248K, reserved 1179648K
  class space    used 12324K, committed 13248K, reserved 1048576K
}
Event: 10.045 GC heap after
{Heap after GC invocations=27 (full 0):
 garbage-first heap   total 145408K, used 83746K [0x0000000080000000, 0x0000000100000000)
  region size 1024K, 7 young (7168K), 7 survivors (7168K)
 Metaspace       used 91389K, committed 93248K, reserved 1179648K
  class space    used 12324K, committed 13248K, reserved 1048576K
}
Event: 10.483 GC heap before
{Heap before GC invocations=27 (full 0):
 garbage-first heap   total 145408K, used 128802K [0x0000000080000000, 0x0000000100000000)
  region size 1024K, 51 young (52224K), 7 survivors (7168K)
 Metaspace       used 94815K, committed 96704K, reserved 1179648K
  class space    used 12825K, committed 13760K, reserved 1048576K
}
Event: 10.488 GC heap after
{Heap after GC invocations=28 (full 0):
 garbage-first heap   total 175104K, used 85235K [0x0000000080000000, 0x0000000100000000)
  region size 1024K, 2 young (2048K), 2 survivors (2048K)
 Metaspace       used 94815K, committed 96704K, reserved 1179648K
  class space    used 12825K, committed 13760K, reserved 1048576K
}
Event: 11.180 GC heap before
{Heap before GC invocations=28 (full 0):
 garbage-first heap   total 175104K, used 152819K [0x0000000080000000, 0x0000000100000000)
  region size 1024K, 68 young (69632K), 2 survivors (2048K)
 Metaspace       used 100016K, committed 102080K, reserved 1179648K
  class space    used 13699K, committed 14720K, reserved 1048576K
}
Event: 11.184 GC heap after
{Heap after GC invocations=29 (full 0):
 garbage-first heap   total 175104K, used 87739K [0x0000000080000000, 0x0000000100000000)
  region size 1024K, 5 young (5120K), 5 survivors (5120K)
 Metaspace       used 100016K, committed 102080K, reserved 1179648K
  class space    used 13699K, committed 14720K, reserved 1048576K
}
Event: 11.901 GC heap before
{Heap before GC invocations=29 (full 0):
 garbage-first heap   total 175104K, used 156347K [0x0000000080000000, 0x0000000100000000)
  region size 1024K, 72 young (73728K), 5 survivors (5120K)
 Metaspace       used 105474K, committed 107520K, reserved 1179648K
  class space    used 14468K, committed 15488K, reserved 1048576K
}
Event: 11.906 GC heap after
{Heap after GC invocations=30 (full 0):
 garbage-first heap   total 175104K, used 91461K [0x0000000080000000, 0x0000000100000000)
  region size 1024K, 8 young (8192K), 8 survivors (8192K)
 Metaspace       used 105474K, committed 107520K, reserved 1179648K
  class space    used 14468K, committed 15488K, reserved 1048576K
}
Event: 12.497 GC heap before
{Heap before GC invocations=30 (full 0):
 garbage-first heap   total 175104K, used 154949K [0x0000000080000000, 0x0000000100000000)
  region size 1024K, 71 young (72704K), 8 survivors (8192K)
 Metaspace       used 110413K, committed 112512K, reserved 1179648K
  class space    used 15147K, committed 16192K, reserved 1048576K
}
Event: 12.505 GC heap after
{Heap after GC invocations=31 (full 0):
 garbage-first heap   total 175104K, used 96525K [0x0000000080000000, 0x0000000100000000)
  region size 1024K, 9 young (9216K), 9 survivors (9216K)
 Metaspace       used 110413K, committed 112512K, reserved 1179648K
  class space    used 15147K, committed 16192K, reserved 1048576K
}

