# JRE version: OpenJDK Runtime Environment (21.0.3) (build 21.0.3+-12282718-b509.11)
# Java VM: OpenJDK 64-Bit Server VM (21.0.3+-12282718-b509.11, mixed mode, tiered, compressed oops, compressed class ptrs, g1 gc, windows-amd64)
GC Precious Log:
 CardTable entry size: 512
 Card Set container configuration: InlinePtr #cards 5 size 8 Array Of Cards #cards 12 size 40 Howl #buckets 4 coarsen threshold 1843 Howl Bitmap #cards 512 size 80 coarsen threshold 460 Card regions per heap region 1 cards per card region 2048
 CPUs: 8 total, 8 available
 Memory: 16106M
 Large Page Support: Disabled
 NUMA Support: Disabled
 Compressed Oops: Enabled (32-bit)
 Heap Region Size: 1M
 Heap Min Capacity: 8M
 Heap Initial Capacity: 252M
 Heap Max Capacity: 2G
 Pre-touch: Disabled
 Parallel Workers: 8
 Concurrent Workers: 2
 Concurrent Refinement Workers: 8
 Periodic GC: Disabled
Heap:
 garbage-first heap   total 120832K, used 90766K [0x0000000080000000, 0x0000000100000000)
  region size 1024K, 32 young (32768K), 7 survivors (7168K)
 Metaspace       used 72155K, committed 73792K, reserved 1114112K
  class space    used 9788K, committed 10624K, reserved 1048576K
GC Heap History (20 events):
Event: 6.793 GC heap before
{Heap before GC invocations=10 (full 0):
 garbage-first heap   total 92160K, used 79072K [0x0000000080000000, 0x0000000100000000)
  region size 1024K, 47 young (48128K), 3 survivors (3072K)
 Metaspace       used 52456K, committed 53888K, reserved 1114112K
  class space    used 7140K, committed 7808K, reserved 1048576K
}
Event: 6.798 GC heap after
{Heap after GC invocations=11 (full 0):
 garbage-first heap   total 92160K, used 36137K [0x0000000080000000, 0x0000000100000000)
  region size 1024K, 6 young (6144K), 6 survivors (6144K)
 Metaspace       used 52456K, committed 53888K, reserved 1114112K
  class space    used 7140K, committed 7808K, reserved 1048576K
}
Event: 7.620 GC heap before
{Heap before GC invocations=11 (full 0):
 garbage-first heap   total 92160K, used 79145K [0x0000000080000000, 0x0000000100000000)
  region size 1024K, 48 young (49152K), 6 survivors (6144K)
 Metaspace       used 58841K, committed 60288K, reserved 1114112K
  class space    used 8053K, committed 8768K, reserved 1048576K
}
Event: 7.624 GC heap after
{Heap after GC invocations=12 (full 0):
 garbage-first heap   total 92160K, used 37896K [0x0000000080000000, 0x0000000100000000)
  region size 1024K, 3 young (3072K), 3 survivors (3072K)
 Metaspace       used 58841K, committed 60288K, reserved 1114112K
  class space    used 8053K, committed 8768K, reserved 1048576K
}
Event: 7.780 GC heap before
{Heap before GC invocations=12 (full 0):
 garbage-first heap   total 92160K, used 45064K [0x0000000080000000, 0x0000000100000000)
  region size 1024K, 11 young (11264K), 3 survivors (3072K)
 Metaspace       used 59666K, committed 61056K, reserved 1114112K
  class space    used 8166K, committed 8832K, reserved 1048576K
}
Event: 7.784 GC heap after
{Heap after GC invocations=13 (full 0):
 garbage-first heap   total 92160K, used 38590K [0x0000000080000000, 0x0000000100000000)
  region size 1024K, 3 young (3072K), 3 survivors (3072K)
 Metaspace       used 59666K, committed 61056K, reserved 1114112K
  class space    used 8166K, committed 8832K, reserved 1048576K
}
Event: 9.104 GC heap before
{Heap before GC invocations=14 (full 0):
 garbage-first heap   total 92160K, used 82622K [0x0000000080000000, 0x0000000100000000)
  region size 1024K, 46 young (47104K), 3 survivors (3072K)
 Metaspace       used 64313K, committed 65856K, reserved 1114112K
  class space    used 8883K, committed 9664K, reserved 1048576K
}
Event: 9.109 GC heap after
{Heap after GC invocations=15 (full 0):
 garbage-first heap   total 92160K, used 42588K [0x0000000080000000, 0x0000000100000000)
  region size 1024K, 6 young (6144K), 6 survivors (6144K)
 Metaspace       used 64313K, committed 65856K, reserved 1114112K
  class space    used 8883K, committed 9664K, reserved 1048576K
}
Event: 9.537 GC heap before
{Heap before GC invocations=15 (full 0):
 garbage-first heap   total 92160K, used 79452K [0x0000000080000000, 0x0000000100000000)
  region size 1024K, 43 young (44032K), 6 survivors (6144K)
 Metaspace       used 65087K, committed 66624K, reserved 1114112K
  class space    used 8974K, committed 9728K, reserved 1048576K
}
Event: 9.545 GC heap after
{Heap after GC invocations=16 (full 0):
 garbage-first heap   total 92160K, used 46133K [0x0000000080000000, 0x0000000100000000)
  region size 1024K, 5 young (5120K), 5 survivors (5120K)
 Metaspace       used 65087K, committed 66624K, reserved 1114112K
  class space    used 8974K, committed 9728K, reserved 1048576K
}
Event: 9.894 GC heap before
{Heap before GC invocations=16 (full 0):
 garbage-first heap   total 92160K, used 79925K [0x0000000080000000, 0x0000000100000000)
  region size 1024K, 39 young (39936K), 5 survivors (5120K)
 Metaspace       used 65476K, committed 67072K, reserved 1114112K
  class space    used 9003K, committed 9792K, reserved 1048576K
}
Event: 9.899 GC heap after
{Heap after GC invocations=17 (full 0):
 garbage-first heap   total 110592K, used 47322K [0x0000000080000000, 0x0000000100000000)
  region size 1024K, 4 young (4096K), 4 survivors (4096K)
 Metaspace       used 65476K, committed 67072K, reserved 1114112K
  class space    used 9003K, committed 9792K, reserved 1048576K
}
Event: 10.254 GC heap before
{Heap before GC invocations=18 (full 0):
 garbage-first heap   total 110592K, used 95450K [0x0000000080000000, 0x0000000100000000)
  region size 1024K, 52 young (53248K), 4 survivors (4096K)
 Metaspace       used 65643K, committed 67200K, reserved 1114112K
  class space    used 9004K, committed 9792K, reserved 1048576K
}
Event: 10.257 GC heap after
{Heap after GC invocations=19 (full 0):
 garbage-first heap   total 110592K, used 48244K [0x0000000080000000, 0x0000000100000000)
  region size 1024K, 4 young (4096K), 4 survivors (4096K)
 Metaspace       used 65643K, committed 67200K, reserved 1114112K
  class space    used 9004K, committed 9792K, reserved 1048576K
}
Event: 10.486 GC heap before
{Heap before GC invocations=19 (full 0):
 garbage-first heap   total 110592K, used 97396K [0x0000000080000000, 0x0000000100000000)
  region size 1024K, 53 young (54272K), 4 survivors (4096K)
 Metaspace       used 65658K, committed 67264K, reserved 1114112K
  class space    used 9004K, committed 9792K, reserved 1048576K
}
Event: 10.491 GC heap after
{Heap after GC invocations=20 (full 0):
 garbage-first heap   total 110592K, used 48627K [0x0000000080000000, 0x0000000100000000)
  region size 1024K, 5 young (5120K), 5 survivors (5120K)
 Metaspace       used 65658K, committed 67264K, reserved 1114112K
  class space    used 9004K, committed 9792K, reserved 1048576K
}
Event: 10.610 GC heap before
{Heap before GC invocations=20 (full 0):
 garbage-first heap   total 110592K, used 63987K [0x0000000080000000, 0x0000000100000000)
  region size 1024K, 21 young (21504K), 5 survivors (5120K)
 Metaspace       used 65889K, committed 67520K, reserved 1114112K
  class space    used 9039K, committed 9856K, reserved 1048576K
}
Event: 10.614 GC heap after
{Heap after GC invocations=21 (full 0):
 garbage-first heap   total 110592K, used 49421K [0x0000000080000000, 0x0000000100000000)
  region size 1024K, 4 young (4096K), 4 survivors (4096K)
 Metaspace       used 65889K, committed 67520K, reserved 1114112K
  class space    used 9039K, committed 9856K, reserved 1048576K
}
Event: 11.414 GC heap before
{Heap before GC invocations=22 (full 0):
 garbage-first heap   total 110592K, used 107789K [0x0000000080000000, 0x0000000100000000)
  region size 1024K, 51 young (52224K), 4 survivors (4096K)
 Metaspace       used 69276K, committed 70912K, reserved 1114112K
  class space    used 9502K, committed 10304K, reserved 1048576K
}
Event: 11.419 GC heap after
{Heap after GC invocations=23 (full 0):
 garbage-first heap   total 120832K, used 67214K [0x0000000080000000, 0x0000000100000000)
  region size 1024K, 7 young (7168K), 7 survivors (7168K)
 Metaspace       used 69276K, committed 70912K, reserved 1114112K
  class space    used 9502K, committed 10304K, reserved 1048576K
}

