# JRE version: OpenJDK Runtime Environment (21.0.3) (build 21.0.3+-12282718-b509.11)
# Java VM: OpenJDK 64-Bit Server VM (21.0.3+-12282718-b509.11, mixed mode, tiered, compressed oops, compressed class ptrs, g1 gc, windows-amd64)
GC Precious Log:
 CardTable entry size: 512
 Card Set container configuration: InlinePtr #cards 5 size 8 Array Of Cards #cards 12 size 40 Howl #buckets 4 coarsen threshold 1843 Howl Bitmap #cards 512 size 80 coarsen threshold 460 Card regions per heap region 1 cards per card region 2048
 CPUs: 8 total, 8 available
 Memory: 16106M
 Large Page Support: Disabled
 NUMA Support: Disabled
 Compressed Oops: Enabled (32-bit)
 Heap Region Size: 1M
 Heap Min Capacity: 8M
 Heap Initial Capacity: 252M
 Heap Max Capacity: 2G
 Pre-touch: Disabled
 Parallel Workers: 8
 Concurrent Workers: 2
 Concurrent Refinement Workers: 8
 Periodic GC: Disabled
Heap:
 garbage-first heap   total 285696K, used 186848K [0x0000000080000000, 0x0000000100000000)
  region size 1024K, 62 young (63488K), 8 survivors (8192K)
 Metaspace       used 148267K, committed 150592K, reserved 1179648K
  class space    used 20372K, committed 21568K, reserved 1048576K
GC Heap History (20 events):
Event: 13.168 GC heap before
{Heap before GC invocations=34 (full 0):
 garbage-first heap   total 212992K, used 189868K [0x0000000080000000, 0x0000000100000000)
  region size 1024K, 86 young (88064K), 9 survivors (9216K)
 Metaspace       used 115056K, committed 117248K, reserved 1179648K
  class space    used 15678K, committed 16768K, reserved 1048576K
}
Event: 13.176 GC heap after
{Heap after GC invocations=35 (full 0):
 garbage-first heap   total 212992K, used 114873K [0x0000000080000000, 0x0000000100000000)
  region size 1024K, 9 young (9216K), 9 survivors (9216K)
 Metaspace       used 115056K, committed 117248K, reserved 1179648K
  class space    used 15678K, committed 16768K, reserved 1048576K
}
Event: 13.430 GC heap before
{Heap before GC invocations=35 (full 0):
 garbage-first heap   total 212992K, used 190649K [0x0000000080000000, 0x0000000100000000)
  region size 1024K, 84 young (86016K), 9 survivors (9216K)
 Metaspace       used 115146K, committed 117248K, reserved 1179648K
  class space    used 15690K, committed 16768K, reserved 1048576K
}
Event: 13.436 GC heap after
{Heap after GC invocations=36 (full 0):
 garbage-first heap   total 212992K, used 116915K [0x0000000080000000, 0x0000000100000000)
  region size 1024K, 7 young (7168K), 7 survivors (7168K)
 Metaspace       used 115146K, committed 117248K, reserved 1179648K
  class space    used 15690K, committed 16768K, reserved 1048576K
}
Event: 14.120 GC heap before
{Heap before GC invocations=37 (full 0):
 garbage-first heap   total 212992K, used 192691K [0x0000000080000000, 0x0000000100000000)
  region size 1024K, 82 young (83968K), 7 survivors (7168K)
 Metaspace       used 116974K, committed 119168K, reserved 1179648K
  class space    used 15939K, committed 17024K, reserved 1048576K
}
Event: 14.129 GC heap after
{Heap after GC invocations=38 (full 0):
 garbage-first heap   total 212992K, used 121768K [0x0000000080000000, 0x0000000100000000)
  region size 1024K, 9 young (9216K), 9 survivors (9216K)
 Metaspace       used 116974K, committed 119168K, reserved 1179648K
  class space    used 15939K, committed 17024K, reserved 1048576K
}
Event: 14.618 GC heap before
{Heap before GC invocations=38 (full 0):
 garbage-first heap   total 212992K, used 191400K [0x0000000080000000, 0x0000000100000000)
  region size 1024K, 78 young (79872K), 9 survivors (9216K)
 Metaspace       used 119618K, committed 121856K, reserved 1179648K
  class space    used 16284K, committed 17408K, reserved 1048576K
}
Event: 14.628 GC heap after
{Heap after GC invocations=39 (full 0):
 garbage-first heap   total 212992K, used 123257K [0x0000000080000000, 0x0000000100000000)
  region size 1024K, 7 young (7168K), 7 survivors (7168K)
 Metaspace       used 119618K, committed 121856K, reserved 1179648K
  class space    used 16284K, committed 17408K, reserved 1048576K
}
Event: 14.957 GC heap before
{Heap before GC invocations=39 (full 0):
 garbage-first heap   total 212992K, used 192889K [0x0000000080000000, 0x0000000100000000)
  region size 1024K, 76 young (77824K), 7 survivors (7168K)
 Metaspace       used 119695K, committed 121920K, reserved 1179648K
  class space    used 16293K, committed 17408K, reserved 1048576K
}
Event: 14.965 GC heap after
{Heap after GC invocations=40 (full 0):
 garbage-first heap   total 256000K, used 124928K [0x0000000080000000, 0x0000000100000000)
  region size 1024K, 4 young (4096K), 4 survivors (4096K)
 Metaspace       used 119695K, committed 121920K, reserved 1179648K
  class space    used 16293K, committed 17408K, reserved 1048576K
}
Event: 17.048 GC heap before
{Heap before GC invocations=41 (full 0):
 garbage-first heap   total 256000K, used 235520K [0x0000000080000000, 0x0000000100000000)
  region size 1024K, 113 young (115712K), 4 survivors (4096K)
 Metaspace       used 125010K, committed 127232K, reserved 1179648K
  class space    used 17072K, committed 18176K, reserved 1048576K
}
Event: 17.057 GC heap after
{Heap after GC invocations=42 (full 0):
 garbage-first heap   total 256000K, used 129024K [0x0000000080000000, 0x0000000100000000)
  region size 1024K, 8 young (8192K), 8 survivors (8192K)
 Metaspace       used 125010K, committed 127232K, reserved 1179648K
  class space    used 17072K, committed 18176K, reserved 1048576K
}
Event: 18.101 GC heap before
{Heap before GC invocations=42 (full 0):
 garbage-first heap   total 256000K, used 233472K [0x0000000080000000, 0x0000000100000000)
  region size 1024K, 111 young (113664K), 8 survivors (8192K)
 Metaspace       used 138651K, committed 140928K, reserved 1179648K
  class space    used 19489K, committed 20608K, reserved 1048576K
}
Event: 18.110 GC heap after
{Heap after GC invocations=43 (full 0):
 garbage-first heap   total 256000K, used 129741K [0x0000000080000000, 0x0000000100000000)
  region size 1024K, 9 young (9216K), 9 survivors (9216K)
 Metaspace       used 138651K, committed 140928K, reserved 1179648K
  class space    used 19489K, committed 20608K, reserved 1048576K
}
Event: 18.532 GC heap before
{Heap before GC invocations=43 (full 0):
 garbage-first heap   total 256000K, used 165581K [0x0000000080000000, 0x0000000100000000)
  region size 1024K, 46 young (47104K), 9 survivors (9216K)
 Metaspace       used 141295K, committed 143680K, reserved 1179648K
  class space    used 19790K, committed 20992K, reserved 1048576K
}
Event: 18.539 GC heap after
{Heap after GC invocations=44 (full 0):
 garbage-first heap   total 256000K, used 132433K [0x0000000080000000, 0x0000000100000000)
  region size 1024K, 7 young (7168K), 7 survivors (7168K)
 Metaspace       used 141295K, committed 143680K, reserved 1179648K
  class space    used 19790K, committed 20992K, reserved 1048576K
}
Event: 340.140 GC heap before
{Heap before GC invocations=45 (full 0):
 garbage-first heap   total 285696K, used 264529K [0x0000000080000000, 0x0000000100000000)
  region size 1024K, 104 young (106496K), 7 survivors (7168K)
 Metaspace       used 147408K, committed 149760K, reserved 1179648K
  class space    used 20366K, committed 21568K, reserved 1048576K
}
Event: 340.147 GC heap after
{Heap after GC invocations=46 (full 0):
 garbage-first heap   total 285696K, used 135312K [0x0000000080000000, 0x0000000100000000)
  region size 1024K, 9 young (9216K), 9 survivors (9216K)
 Metaspace       used 147408K, committed 149760K, reserved 1179648K
  class space    used 20366K, committed 21568K, reserved 1048576K
}
Event: 368.441 GC heap before
{Heap before GC invocations=46 (full 0):
 garbage-first heap   total 285696K, used 259216K [0x0000000080000000, 0x0000000100000000)
  region size 1024K, 131 young (134144K), 9 survivors (9216K)
 Metaspace       used 148042K, committed 150400K, reserved 1179648K
  class space    used 20370K, committed 21568K, reserved 1048576K
}
Event: 368.451 GC heap after
{Heap after GC invocations=47 (full 0):
 garbage-first heap   total 285696K, used 132576K [0x0000000080000000, 0x0000000100000000)
  region size 1024K, 8 young (8192K), 8 survivors (8192K)
 Metaspace       used 148042K, committed 150400K, reserved 1179648K
  class space    used 20370K, committed 21568K, reserved 1048576K
}

