# JRE version: OpenJDK Runtime Environment (21.0.3) (build 21.0.3+-12282718-b509.11)
# Java VM: OpenJDK 64-Bit Server VM (21.0.3+-12282718-b509.11, mixed mode, tiered, compressed oops, compressed class ptrs, g1 gc, windows-amd64)
GC Precious Log:
 CardTable entry size: 512
 Card Set container configuration: InlinePtr #cards 5 size 8 Array Of Cards #cards 12 size 40 Howl #buckets 4 coarsen threshold 1843 Howl Bitmap #cards 512 size 80 coarsen threshold 460 Card regions per heap region 1 cards per card region 2048
 CPUs: 8 total, 8 available
 Memory: 16106M
 Large Page Support: Disabled
 NUMA Support: Disabled
 Compressed Oops: Enabled (32-bit)
 Heap Region Size: 1M
 Heap Min Capacity: 8M
 Heap Initial Capacity: 252M
 Heap Max Capacity: 2G
 Pre-touch: Disabled
 Parallel Workers: 8
 Concurrent Workers: 2
 Concurrent Refinement Workers: 8
 Periodic GC: Disabled
Heap:
 garbage-first heap   total 143360K, used 103196K [0x0000000080000000, 0x0000000100000000)
  region size 1024K, 35 young (35840K), 6 survivors (6144K)
 Metaspace       used 82803K, committed 84672K, reserved 1179648K
  class space    used 11187K, committed 12096K, reserved 1048576K
GC Heap History (20 events):
Event: 8.877 GC heap before
{Heap before GC invocations=17 (full 0):
 garbage-first heap   total 107520K, used 92710K [0x0000000080000000, 0x0000000100000000)
  region size 1024K, 50 young (51200K), 4 survivors (4096K)
 Metaspace       used 65674K, committed 67264K, reserved 1114112K
  class space    used 9014K, committed 9792K, reserved 1048576K
}
Event: 8.880 GC heap after
{Heap after GC invocations=18 (full 0):
 garbage-first heap   total 107520K, used 47307K [0x0000000080000000, 0x0000000100000000)
  region size 1024K, 4 young (4096K), 4 survivors (4096K)
 Metaspace       used 65674K, committed 67264K, reserved 1114112K
  class space    used 9014K, committed 9792K, reserved 1048576K
}
Event: 9.082 GC heap before
{Heap before GC invocations=18 (full 0):
 garbage-first heap   total 107520K, used 93387K [0x0000000080000000, 0x0000000100000000)
  region size 1024K, 50 young (51200K), 4 survivors (4096K)
 Metaspace       used 65719K, committed 67328K, reserved 1114112K
  class space    used 9015K, committed 9792K, reserved 1048576K
}
Event: 9.086 GC heap after
{Heap after GC invocations=19 (full 0):
 garbage-first heap   total 107520K, used 48389K [0x0000000080000000, 0x0000000100000000)
  region size 1024K, 5 young (5120K), 5 survivors (5120K)
 Metaspace       used 65719K, committed 67328K, reserved 1114112K
  class space    used 9015K, committed 9792K, reserved 1048576K
}
Event: 9.345 GC heap before
{Heap before GC invocations=19 (full 0):
 garbage-first heap   total 107520K, used 86277K [0x0000000080000000, 0x0000000100000000)
  region size 1024K, 42 young (43008K), 5 survivors (5120K)
 Metaspace       used 65977K, committed 67584K, reserved 1114112K
  class space    used 9055K, committed 9856K, reserved 1048576K
}
Event: 9.349 GC heap after
{Heap after GC invocations=20 (full 0):
 garbage-first heap   total 107520K, used 52760K [0x0000000080000000, 0x0000000100000000)
  region size 1024K, 6 young (6144K), 6 survivors (6144K)
 Metaspace       used 65977K, committed 67584K, reserved 1114112K
  class space    used 9055K, committed 9856K, reserved 1048576K
}
Event: 9.357 GC heap before
{Heap before GC invocations=20 (full 0):
 garbage-first heap   total 107520K, used 54808K [0x0000000080000000, 0x0000000100000000)
  region size 1024K, 7 young (7168K), 6 survivors (6144K)
 Metaspace       used 65977K, committed 67584K, reserved 1114112K
  class space    used 9055K, committed 9856K, reserved 1048576K
}
Event: 9.360 GC heap after
{Heap after GC invocations=21 (full 0):
 garbage-first heap   total 129024K, used 55410K [0x0000000080000000, 0x0000000100000000)
  region size 1024K, 1 young (1024K), 1 survivors (1024K)
 Metaspace       used 65977K, committed 67584K, reserved 1114112K
  class space    used 9055K, committed 9856K, reserved 1048576K
}
Event: 9.429 GC heap before
{Heap before GC invocations=21 (full 0):
 garbage-first heap   total 129024K, used 60530K [0x0000000080000000, 0x0000000100000000)
  region size 1024K, 5 young (5120K), 1 survivors (1024K)
 Metaspace       used 66352K, committed 67968K, reserved 1114112K
  class space    used 9126K, committed 9920K, reserved 1048576K
}
Event: 9.431 GC heap after
{Heap after GC invocations=22 (full 0):
 garbage-first heap   total 129024K, used 57508K [0x0000000080000000, 0x0000000100000000)
  region size 1024K, 1 young (1024K), 1 survivors (1024K)
 Metaspace       used 66352K, committed 67968K, reserved 1114112K
  class space    used 9126K, committed 9920K, reserved 1048576K
}
Event: 9.504 GC heap before
{Heap before GC invocations=22 (full 0):
 garbage-first heap   total 129024K, used 60580K [0x0000000080000000, 0x0000000100000000)
  region size 1024K, 5 young (5120K), 1 survivors (1024K)
 Metaspace       used 66365K, committed 67968K, reserved 1114112K
  class space    used 9126K, committed 9920K, reserved 1048576K
}
Event: 9.506 GC heap after
{Heap after GC invocations=23 (full 0):
 garbage-first heap   total 129024K, used 60562K [0x0000000080000000, 0x0000000100000000)
  region size 1024K, 3 young (3072K), 3 survivors (3072K)
 Metaspace       used 66365K, committed 67968K, reserved 1114112K
  class space    used 9126K, committed 9920K, reserved 1048576K
}
Event: 10.058 GC heap before
{Heap before GC invocations=24 (full 0):
 garbage-first heap   total 129024K, used 102546K [0x0000000080000000, 0x0000000100000000)
  region size 1024K, 41 young (41984K), 3 survivors (3072K)
 Metaspace       used 69364K, committed 71040K, reserved 1114112K
  class space    used 9517K, committed 10368K, reserved 1048576K
}
Event: 10.060 GC heap after
{Heap after GC invocations=25 (full 0):
 garbage-first heap   total 129024K, used 67039K [0x0000000080000000, 0x0000000100000000)
  region size 1024K, 6 young (6144K), 6 survivors (6144K)
 Metaspace       used 69364K, committed 71040K, reserved 1114112K
  class space    used 9517K, committed 10368K, reserved 1048576K
}
Event: 10.559 GC heap before
{Heap before GC invocations=25 (full 0):
 garbage-first heap   total 129024K, used 103903K [0x0000000080000000, 0x0000000100000000)
  region size 1024K, 43 young (44032K), 6 survivors (6144K)
 Metaspace       used 73719K, committed 75392K, reserved 1114112K
  class space    used 9934K, committed 10752K, reserved 1048576K
}
Event: 10.563 GC heap after
{Heap after GC invocations=26 (full 0):
 garbage-first heap   total 129024K, used 67257K [0x0000000080000000, 0x0000000100000000)
  region size 1024K, 1 young (1024K), 1 survivors (1024K)
 Metaspace       used 73719K, committed 75392K, reserved 1114112K
  class space    used 9934K, committed 10752K, reserved 1048576K
}
Event: 11.041 GC heap before
{Heap before GC invocations=26 (full 0):
 garbage-first heap   total 129024K, used 103097K [0x0000000080000000, 0x0000000100000000)
  region size 1024K, 37 young (37888K), 1 survivors (1024K)
 Metaspace       used 78199K, committed 80000K, reserved 1179648K
  class space    used 10563K, committed 11456K, reserved 1048576K
}
Event: 11.045 GC heap after
{Heap after GC invocations=27 (full 0):
 garbage-first heap   total 129024K, used 70107K [0x0000000080000000, 0x0000000100000000)
  region size 1024K, 4 young (4096K), 4 survivors (4096K)
 Metaspace       used 78199K, committed 80000K, reserved 1179648K
  class space    used 10563K, committed 11456K, reserved 1048576K
}
Event: 11.566 GC heap before
{Heap before GC invocations=28 (full 0):
 garbage-first heap   total 143360K, used 115163K [0x0000000080000000, 0x0000000100000000)
  region size 1024K, 43 young (44032K), 4 survivors (4096K)
 Metaspace       used 80320K, committed 82112K, reserved 1179648K
  class space    used 10868K, committed 11776K, reserved 1048576K
}
Event: 11.571 GC heap after
{Heap after GC invocations=29 (full 0):
 garbage-first heap   total 143360K, used 74524K [0x0000000080000000, 0x0000000100000000)
  region size 1024K, 6 young (6144K), 6 survivors (6144K)
 Metaspace       used 80320K, committed 82112K, reserved 1179648K
  class space    used 10868K, committed 11776K, reserved 1048576K
}

